Model Technology ModelSim - Intel FPGA Edition vlog 2020.1 Compiler 2020.02 Feb 28 2020
Start time: 09:30:01 on Jul 25,2025
vlog "+incdir+/home/dreambigl/uvm_1.2/uvm-1.2/src" -sv -mfcu -work /home/dreambigl/Project/DBS-Project/UVM/Q6/verif/cuboid_2/script/work "+define+VSIM" -timescale=1ns/100fs "+incdir+/home/dreambigl/Project/DBS-Project/UVM/Q6/verif/cuboid_2/uvm_tb/sequence_item" "+incdir+/home/dreambigl/Project/DBS-Project/UVM/Q6/verif/cuboid_2/uvm_tb/sequence" "+incdir+/home/dreambigl/Project/DBS-Project/UVM/Q6/verif/cuboid_2/uvm_tb/config" "+incdir+/home/dreambigl/Project/DBS-Project/UVM/Q6/verif/cuboid_2/uvm_tb/common" "+incdir+/home/dreambigl/Project/DBS-Project/UVM/Q6/verif/cuboid_2/uvm_tb/interface" "+incdir+/home/dreambigl/Project/DBS-Project/UVM/Q6/verif/cuboid_2/uvm_tb/agent" "+incdir+/home/dreambigl/Project/DBS-Project/UVM/Q6/verif/cuboid_2/uvm_tb/scoreboard" "+incdir+/home/dreambigl/Project/DBS-Project/UVM/Q6/verif/cuboid_2/uvm_tb/env" "+incdir+/home/dreambigl/Project/DBS-Project/UVM/Q6/verif/cuboid_2/uvm_tb" "+incdir+/home/dreambigl/Project/DBS-Project/UVM/Q7/verif/complex/test/long_test" /home/dreambigl/uvm_1.2/uvm-1.2/src/uvm_pkg.sv /home/dreambigl/Project/DBS-Project/UVM/Q6/design/cuboid_2/cuboid_prcr.sv /home/dreambigl/Project/DBS-Project/UVM/Q6/verif/cuboid_2/uvm_tb/interface/cuboid_inp_intf.sv /home/dreambigl/Project/DBS-Project/UVM/Q6/verif/cuboid_2/uvm_tb/interface/cuboid_out_intf.sv /home/dreambigl/Project/DBS-Project/UVM/Q6/verif/cuboid_2/uvm_tb/package/cuboid_pkg.sv /home/dreambigl/Project/DBS-Project/UVM/Q6/verif/cuboid_2/vlib/tb_cuboid_prcr.sv -l /home/dreambigl/Project/DBS-Project/UVM/Q6/verif/cuboid_2/script/compile.log 
-- Compiling package uvm_pkg
** Warning: /home/dreambigl/uvm_1.2/uvm-1.2/src/seq/uvm_sequence_base.svh(1333): (vlog-2186) SystemVerilog testbench feature
(randomization, coverage or assertion) detected in the design.
These features are only supported in Questasim.
** Warning: /home/dreambigl/uvm_1.2/uvm-1.2/src/reg/uvm_mem_mam.svh(768): (vlog-2186) SystemVerilog testbench feature
(randomization, coverage or assertion) detected in the design.
These features are only supported in Questasim.
** Warning: /home/dreambigl/uvm_1.2/uvm-1.2/src/seq/uvm_sequence_library.svh(777): (vlog-2186) SystemVerilog testbench feature
(randomization, coverage or assertion) detected in the design.
These features are only supported in Questasim.
-- Compiling module cuboid_prcr
-- Compiling interface cuboid_inp_intf
-- Compiling interface cuboid_out_intf
-- Compiling package cuboid_pkg
-- Importing package uvm_pkg
-- Compiling module tb_cuboid_prcr
-- Importing package cuboid_pkg

Top level modules:
	tb_cuboid_prcr
End time: 09:30:02 on Jul 25,2025, Elapsed time: 0:00:01
Errors: 0, Warnings: 3
